#
# There is insufficient memory for the Java Runtime Environment to continue.
# Native memory allocation (malloc) failed to allocate 32744 bytes for ChunkPool::allocate
# Possible reasons:
#   The system is out of physical RAM or swap space
#   The process is running with CompressedOops enabled, and the Java Heap may be blocking the growth of the native heap
# Possible solutions:
#   Reduce memory load on the system
#   Increase physical memory or swap space
#   Check if swap backing store is full
#   Decrease Java heap size (-Xmx/-Xms)
#   Decrease number of Java threads
#   Decrease Java thread stack sizes (-Xss)
#   Set larger code cache with -XX:ReservedCodeCacheSize=
#   JVM is running with Unscaled Compressed Oops mode in which the Java heap is
#     placed in the first 4GB address space. The Java Heap base address is the
#     maximum limit for the native heap growth. Please use -XX:HeapBaseMinAddress
#     to set the Java Heap base and to place the Java Heap above 4GB virtual address.
# This output file may be truncated or incomplete.
#
#  Out of Memory Error (allocation.cpp:272), pid=10844, tid=0x00000000000028a8
#
# JRE version: OpenJDK Runtime Environment (8.0_242-b01) (build 1.8.0_242-release-1644-b01)
# Java VM: OpenJDK 64-Bit Server VM (25.242-b01 mixed mode windows-amd64 compressed oops)
# Failed to write core dump. Minidumps are not enabled by default on client versions of Windows
#

---------------  T H R E A D  ---------------

Current thread (0x0000000016c7d800):  JavaThread "C2 CompilerThread1" daemon [_thread_in_native, id=10408, stack(0x00000000183e0000,0x00000000184e0000)]

Stack: [0x00000000183e0000,0x00000000184e0000]
[error occurred during error reporting (printing stack bounds), id 0xc0000005]

Native frames: (J=compiled Java code, j=interpreted, Vv=VM code, C=native code)


Current CompileTask:
C2:8955213 27166       4       org.gradle.api.internal.artifacts.ivyservice.resolveengine.graph.builder.SelectorState::addReasonsForSelector (330 bytes)


---------------  P R O C E S S  ---------------

Java Threads: ( => current thread )
  0x000000001dc6f800 JavaThread "Cache worker for cache directory md-rule (C:\Users\tcomp\.gradle\caches\5.6.4\md-rule)" [_thread_blocked, id=7096, stack(0x00000000203c0000,0x00000000204c0000)]
  0x000000001dc6b800 JavaThread "Cache worker for cache directory md-supplier (C:\Users\tcomp\.gradle\caches\5.6.4\md-supplier)" [_thread_blocked, id=3736, stack(0x000000001eca0000,0x000000001eda0000)]
  0x000000001dc6b000 JavaThread "Cache worker for file hash cache (D:\Android Prog\Source Code\HDMobileBackground\.gradle\5.6.4\fileHashes)" [_thread_blocked, id=5292, stack(0x000000001c500000,0x000000001c600000)]
  0x000000001dc62800 JavaThread "Thread-423" [_thread_blocked, id=6748, stack(0x000000001c200000,0x000000001c300000)]
  0x000000001dc69800 JavaThread "Stdin handler" [_thread_blocked, id=8940, stack(0x000000001c100000,0x000000001c200000)]
  0x000000001dc65000 JavaThread "Asynchronous log dispatcher for DefaultDaemonConnection: socket connection from /127.0.0.1:61317 to /127.0.0.1:63294" [_thread_blocked, id=10760, stack(0x000000001be00000,0x000000001bf00000)]
  0x000000001dc68000 JavaThread "Daemon worker Thread 17" [_thread_in_Java, id=7840, stack(0x000000001bc00000,0x000000001bd00000)]
  0x000000001dc65800 JavaThread "Cancel handler" [_thread_blocked, id=10808, stack(0x0000000001660000,0x0000000001760000)]
  0x000000001dc68800 JavaThread "Handler for socket connection from /127.0.0.1:61317 to /127.0.0.1:63294" [_thread_in_native, id=1204, stack(0x0000000001560000,0x0000000001660000)]
  0x000000001dc67000 JavaThread "Daemon Thread 17" [_thread_blocked, id=9504, stack(0x0000000001460000,0x0000000001560000)]
  0x000000001d1fa000 JavaThread "MarlinRenderer Disposer" daemon [_thread_blocked, id=6160, stack(0x000000002e500000,0x000000002e600000)]
  0x000000001d1f1000 JavaThread "Java2D Disposer" daemon [_thread_blocked, id=3492, stack(0x000000002e680000,0x000000002e780000)]
  0x000000001e0cb000 JavaThread "Cache worker for Java compile cache (C:\Users\tcomp\.gradle\caches\5.6.4\javaCompile)" [_thread_blocked, id=10932, stack(0x000000002a1e0000,0x000000002a2e0000)]
  0x000000001d1f6800 JavaThread "Cache worker for file content cache (C:\Users\tcomp\.gradle\caches\5.6.4\fileContent)" [_thread_blocked, id=3644, stack(0x00000000232e0000,0x00000000233e0000)]
  0x000000001d1f2800 JavaThread "Memory manager" [_thread_blocked, id=7652, stack(0x0000000022bb0000,0x0000000022cb0000)]
  0x000000001d1ef000 JavaThread "Cache worker for execution history cache (C:\Users\tcomp\.gradle\caches\5.6.4\executionHistory)" [_thread_blocked, id=13532, stack(0x0000000020be0000,0x0000000020ce0000)]
  0x000000001972a800 JavaThread "Cache worker for journal cache (C:\Users\tcomp\.gradle\caches\journal-1)" [_thread_blocked, id=13512, stack(0x000000001ca00000,0x000000001cb00000)]
  0x000000001972e000 JavaThread "File lock request listener" [_thread_in_native, id=7620, stack(0x000000001c900000,0x000000001ca00000)]
  0x000000001945b000 JavaThread "Cache worker for file hash cache (C:\Users\tcomp\.gradle\caches\5.6.4\fileHashes)" [_thread_blocked, id=8596, stack(0x000000001c800000,0x000000001c900000)]
  0x0000000019a7b800 JavaThread "Daemon periodic checks" [_thread_blocked, id=11796, stack(0x000000001bd00000,0x000000001be00000)]
  0x000000001a6a6000 JavaThread "Incoming local TCP Connector on port 61317" [_thread_in_native, id=2016, stack(0x000000001b9c0000,0x000000001bac0000)]
  0x000000001a620800 JavaThread "Daemon health stats" [_thread_blocked, id=9600, stack(0x000000001b380000,0x000000001b480000)]
  0x0000000018607000 JavaThread "Service Thread" daemon [_thread_blocked, id=7320, stack(0x00000000189e0000,0x0000000018ae0000)]
  0x0000000016c81000 JavaThread "C1 CompilerThread2" daemon [_thread_blocked, id=5208, stack(0x00000000184e0000,0x00000000185e0000)]
=>0x0000000016c7d800 JavaThread "C2 CompilerThread1" daemon [_thread_in_native, id=10408, stack(0x00000000183e0000,0x00000000184e0000)]
  0x0000000016c78000 JavaThread "C2 CompilerThread0" daemon [_thread_in_native, id=6508, stack(0x00000000182e0000,0x00000000183e0000)]
  0x0000000016c72800 JavaThread "Attach Listener" daemon [_thread_blocked, id=9808, stack(0x00000000181e0000,0x00000000182e0000)]
  0x0000000016c71800 JavaThread "Signal Dispatcher" daemon [_thread_blocked, id=5664, stack(0x00000000180e0000,0x00000000181e0000)]
  0x00000000032fc800 JavaThread "Finalizer" daemon [_thread_blocked, id=15172, stack(0x0000000017ee0000,0x0000000017fe0000)]
  0x0000000016c59000 JavaThread "Reference Handler" daemon [_thread_blocked, id=9360, stack(0x0000000017de0000,0x0000000017ee0000)]
  0x00000000030fd800 JavaThread "main" [_thread_blocked, id=5968, stack(0x0000000003100000,0x0000000003200000)]

Other Threads:
  0x0000000016c36000 VMThread [stack: 0x0000000017ce0000,0x0000000017de0000] [id=13688]
  0x000000001860b800 WatcherThread [stack: 0x0000000018ae0000,0x0000000018be0000] [id=6180]

VM state:not at safepoint (normal execution)

VM Mutex/Monitor currently owned by a thread: None

heap address: 0x00000000a0000000, size: 1536 MB, Compressed Oops mode: 32-bit
Narrow klass base: 0x0000000000000000, Narrow klass shift: 3
Compressed class space size: 1073741824 Address: 0x0000000100000000

Heap:
 PSYoungGen      total 435712K, used 155670K [0x00000000e0000000, 0x0000000100000000, 0x0000000100000000)
  eden space 347136K, 19% used [0x00000000e0000000,0x00000000e4186b10,0x00000000f5300000)
  from space 88576K, 99% used [0x00000000f5300000,0x00000000fa97ef70,0x00000000fa980000)
  to   space 88576K, 0% used [0x00000000fa980000,0x00000000fa980000,0x0000000100000000)
 ParOldGen       total 254464K, used 137756K [0x00000000a0000000, 0x00000000af880000, 0x00000000e0000000)
  object space 254464K, 54% used [0x00000000a0000000,0x00000000a86873e8,0x00000000af880000)
 Metaspace       used 100206K, capacity 107046K, committed 107352K, reserved 1142784K
  class space    used 12686K, capacity 13848K, committed 13912K, reserved 1048576K

Card table byte_map: [0x00000000126c0000,0x00000000129d0000] byte_map_base: 0x00000000121c0000

Marking Bits: (ParMarkBitMap*) 0x00000000548cf030
 Begin Bits: [0x0000000012fd0000, 0x00000000147d0000)
 End Bits:   [0x00000000147d0000, 0x0000000015fd0000)

Polling page: 0x00000000018f0000

CodeCache: size=245760Kb used=75269Kb max_used=76003Kb free=170490Kb
 bounds [0x0000000003300000, 0x0000000007de0000, 0x0000000012300000]
 total_blobs=21586 nmethods=20563 adapters=934
 compilation: enabled

Compilation events (10 events):
Event: 8955.122 Thread 0x0000000016c78000 27161       4       org.gradle.api.internal.artifacts.ivyservice.resolveengine.graph.selectors.SelectorStateResolverResults::componentForIdResolveResult (42 bytes)
Event: 8955.125 Thread 0x0000000016c78000 nmethod 27161 0x0000000005759090 code [0x0000000005759200, 0x0000000005759368]
Event: 8955.130 Thread 0x0000000016c7d800 27162       4       org.gradle.api.internal.artifacts.ivyservice.resolveengine.graph.builder.ResolveState$$Lambda$30/85405027::apply (16 bytes)
Event: 8955.151 Thread 0x0000000016c78000 27163       4       org.gradle.internal.component.model.DefaultSelectedByVariantMatchingConfigurationMetadata::getCapabilities (10 bytes)
Event: 8955.153 Thread 0x0000000016c7d800 nmethod 27162 0x000000000594c3d0 code [0x000000000594c5e0, 0x000000000594cfa8]
Event: 8955.153 Thread 0x0000000016c78000 nmethod 27163 0x000000000594c050 code [0x000000000594c1a0, 0x000000000594c298]
Event: 8955.157 Thread 0x0000000016c7d800 27164       4       org.gradle.api.internal.artifacts.ivyservice.resolveengine.graph.selectors.SelectorStateResolverResults::selectorAcceptsCandidate (100 bytes)
Event: 8955.166 Thread 0x0000000016c7d800 nmethod 27164 0x0000000007732690 code [0x0000000007732800, 0x0000000007732b98]
Event: 8955.195 Thread 0x0000000016c78000 27165       4       org.gradle.api.internal.artifacts.ivyservice.resolveengine.result.StreamingResolutionResultBuilder::visitSelector (19 bytes)
Event: 8955.200 Thread 0x0000000016c7d800 27166       4       org.gradle.api.internal.artifacts.ivyservice.resolveengine.graph.builder.SelectorState::addReasonsForSelector (330 bytes)

GC Heap History (10 events):
Event: 8518.511 GC heap before
{Heap before GC invocations=29 (full 4):
 PSYoungGen      total 451072K, used 401917K [0x00000000e0000000, 0x0000000100000000, 0x0000000100000000)
  eden space 373248K, 100% used [0x00000000e0000000,0x00000000f6c80000,0x00000000f6c80000)
  from space 77824K, 36% used [0x00000000fb400000,0x00000000fcfff6b0,0x0000000100000000)
  to   space 73216K, 0% used [0x00000000f6c80000,0x00000000f6c80000,0x00000000fb400000)
 ParOldGen       total 254464K, used 98056K [0x00000000a0000000, 0x00000000af880000, 0x00000000e0000000)
  object space 254464K, 38% used [0x00000000a0000000,0x00000000a5fc2338,0x00000000af880000)
 Metaspace       used 95036K, capacity 99984K, committed 100184K, reserved 1136640K
  class space    used 12104K, capacity 13021K, committed 13144K, reserved 1048576K
Event: 8518.563 GC heap after
Heap after GC invocations=29 (full 4):
 PSYoungGen      total 405504K, used 32045K [0x00000000e0000000, 0x00000000ff480000, 0x0000000100000000)
  eden space 373248K, 0% used [0x00000000e0000000,0x00000000e0000000,0x00000000f6c80000)
  from space 32256K, 99% used [0x00000000f6c80000,0x00000000f8bcb6b8,0x00000000f8c00000)
  to   space 69632K, 0% used [0x00000000fb080000,0x00000000fb080000,0x00000000ff480000)
 ParOldGen       total 254464K, used 98064K [0x00000000a0000000, 0x00000000af880000, 0x00000000e0000000)
  object space 254464K, 38% used [0x00000000a0000000,0x00000000a5fc4338,0x00000000af880000)
 Metaspace       used 95036K, capacity 99984K, committed 100184K, reserved 1136640K
  class space    used 12104K, capacity 13021K, committed 13144K, reserved 1048576K
}
Event: 8521.995 GC heap before
{Heap before GC invocations=30 (full 4):
 PSYoungGen      total 405504K, used 405293K [0x00000000e0000000, 0x00000000ff480000, 0x0000000100000000)
  eden space 373248K, 100% used [0x00000000e0000000,0x00000000f6c80000,0x00000000f6c80000)
  from space 32256K, 99% used [0x00000000f6c80000,0x00000000f8bcb6b8,0x00000000f8c00000)
  to   space 69632K, 0% used [0x00000000fb080000,0x00000000fb080000,0x00000000ff480000)
 ParOldGen       total 254464K, used 98064K [0x00000000a0000000, 0x00000000af880000, 0x00000000e0000000)
  object space 254464K, 38% used [0x00000000a0000000,0x00000000a5fc4338,0x00000000af880000)
 Metaspace       used 95452K, capacity 100398K, committed 100696K, reserved 1136640K
  class space    used 12126K, capacity 13024K, committed 13144K, reserved 1048576K
Event: 8522.391 GC heap after
Heap after GC invocations=30 (full 4):
 PSYoungGen      total 423936K, used 69608K [0x00000000e0000000, 0x0000000100000000, 0x0000000100000000)
  eden space 354304K, 0% used [0x00000000e0000000,0x00000000e0000000,0x00000000f5a00000)
  from space 69632K, 99% used [0x00000000fb080000,0x00000000ff47a2c8,0x00000000ff480000)
  to   space 84992K, 0% used [0x00000000f5a00000,0x00000000f5a00000,0x00000000fad00000)
 ParOldGen       total 254464K, used 111434K [0x00000000a0000000, 0x00000000af880000, 0x00000000e0000000)
  object space 254464K, 43% used [0x00000000a0000000,0x00000000a6cd2b08,0x00000000af880000)
 Metaspace       used 95452K, capacity 100398K, committed 100696K, reserved 1136640K
  class space    used 12126K, capacity 13024K, committed 13144K, reserved 1048576K
}
Event: 8606.408 GC heap before
{Heap before GC invocations=31 (full 4):
 PSYoungGen      total 423936K, used 423912K [0x00000000e0000000, 0x0000000100000000, 0x0000000100000000)
  eden space 354304K, 100% used [0x00000000e0000000,0x00000000f5a00000,0x00000000f5a00000)
  from space 69632K, 99% used [0x00000000fb080000,0x00000000ff47a2c8,0x00000000ff480000)
  to   space 84992K, 0% used [0x00000000f5a00000,0x00000000f5a00000,0x00000000fad00000)
 ParOldGen       total 254464K, used 111434K [0x00000000a0000000, 0x00000000af880000, 0x00000000e0000000)
  object space 254464K, 43% used [0x00000000a0000000,0x00000000a6cd2b08,0x00000000af880000)
 Metaspace       used 97308K, capacity 103766K, committed 103896K, reserved 1140736K
  class space    used 12399K, capacity 13500K, committed 13528K, reserved 1048576K
Event: 8606.542 GC heap after
Heap after GC invocations=31 (full 4):
 PSYoungGen      total 410112K, used 55698K [0x00000000e0000000, 0x0000000100000000, 0x0000000100000000)
  eden space 354304K, 0% used [0x00000000e0000000,0x00000000e0000000,0x00000000f5a00000)
  from space 55808K, 99% used [0x00000000f5a00000,0x00000000f9064be8,0x00000000f9080000)
  to   space 87552K, 0% used [0x00000000faa80000,0x00000000faa80000,0x0000000100000000)
 ParOldGen       total 254464K, used 111754K [0x00000000a0000000, 0x00000000af880000, 0x00000000e0000000)
  object space 254464K, 43% used [0x00000000a0000000,0x00000000a6d22b18,0x00000000af880000)
 Metaspace       used 97308K, capacity 103766K, committed 103896K, reserved 1140736K
  class space    used 12399K, capacity 13500K, committed 13528K, reserved 1048576K
}
Event: 8615.363 GC heap before
{Heap before GC invocations=32 (full 4):
 PSYoungGen      total 410112K, used 410002K [0x00000000e0000000, 0x0000000100000000, 0x0000000100000000)
  eden space 354304K, 100% used [0x00000000e0000000,0x00000000f5a00000,0x00000000f5a00000)
  from space 55808K, 99% used [0x00000000f5a00000,0x00000000f9064be8,0x00000000f9080000)
  to   space 87552K, 0% used [0x00000000faa80000,0x00000000faa80000,0x0000000100000000)
 ParOldGen       total 254464K, used 111754K [0x00000000a0000000, 0x00000000af880000, 0x00000000e0000000)
  object space 254464K, 43% used [0x00000000a0000000,0x00000000a6d22b18,0x00000000af880000)
 Metaspace       used 99912K, capacity 106564K, committed 106712K, reserved 1142784K
  class space    used 12650K, capacity 13781K, committed 13784K, reserved 1048576K
Event: 8615.465 GC heap after
Heap after GC invocations=32 (full 4):
 PSYoungGen      total 434688K, used 54637K [0x00000000e0000000, 0x0000000100000000, 0x0000000100000000)
  eden space 347136K, 0% used [0x00000000e0000000,0x00000000e0000000,0x00000000f5300000)
  from space 87552K, 62% used [0x00000000faa80000,0x00000000fdfdb478,0x0000000100000000)
  to   space 88576K, 0% used [0x00000000f5300000,0x00000000f5300000,0x00000000fa980000)
 ParOldGen       total 254464K, used 111850K [0x00000000a0000000, 0x00000000af880000, 0x00000000e0000000)
  object space 254464K, 43% used [0x00000000a0000000,0x00000000a6d3ab18,0x00000000af880000)
 Metaspace       used 99912K, capacity 106564K, committed 106712K, reserved 1142784K
  class space    used 12650K, capacity 13781K, committed 13784K, reserved 1048576K
}
Event: 8619.226 GC heap before
{Heap before GC invocations=33 (full 4):
 PSYoungGen      total 434688K, used 401773K [0x00000000e0000000, 0x0000000100000000, 0x0000000100000000)
  eden space 347136K, 100% used [0x00000000e0000000,0x00000000f5300000,0x00000000f5300000)
  from space 87552K, 62% used [0x00000000faa80000,0x00000000fdfdb478,0x0000000100000000)
  to   space 88576K, 0% used [0x00000000f5300000,0x00000000f5300000,0x00000000fa980000)
 ParOldGen       total 254464K, used 111850K [0x00000000a0000000, 0x00000000af880000, 0x00000000e0000000)
  object space 254464K, 43% used [0x00000000a0000000,0x00000000a6d3ab18,0x00000000af880000)
 Metaspace       used 100025K, capacity 106710K, committed 106840K, reserved 1142784K
  class space    used 12656K, capacity 13792K, committed 13912K, reserved 1048576K
Event: 8619.447 GC heap after
Heap after GC invocations=33 (full 4):
 PSYoungGen      total 435712K, used 88571K [0x00000000e0000000, 0x0000000100000000, 0x0000000100000000)
  eden space 347136K, 0% used [0x00000000e0000000,0x00000000e0000000,0x00000000f5300000)
  from space 88576K, 99% used [0x00000000f5300000,0x00000000fa97ef70,0x00000000fa980000)
  to   space 88576K, 0% used [0x00000000fa980000,0x00000000fa980000,0x0000000100000000)
 ParOldGen       total 254464K, used 137756K [0x00000000a0000000, 0x00000000af880000, 0x00000000e0000000)
  object space 254464K, 54% used [0x00000000a0000000,0x00000000a86873e8,0x00000000af880000)
 Metaspace       used 100025K, capacity 106710K, committed 106840K, reserved 1142784K
  class space    used 12656K, capacity 13792K, committed 13912K, reserved 1048576K
}

Deoptimization events (10 events):
Event: 8617.504 Thread 0x000000001dc65800 Uncommon trap: reason=array_check action=maybe_recompile pc=0x00000000068a7b60 method=java.util.TimSort.mergeHi(IIII)V @ 657
Event: 8617.504 Thread 0x000000001dc65800 Uncommon trap: reason=array_check action=maybe_recompile pc=0x00000000068a7e9c method=java.util.TimSort.mergeHi(IIII)V @ 171
Event: 8617.599 Thread 0x000000001dc65800 Uncommon trap: reason=class_check action=maybe_recompile pc=0x000000000631cac8 method=com.android.tools.r8.dex.DexOutputBuffer.g(I)V @ 108
Event: 8617.715 Thread 0x000000001dc65000 Uncommon trap: reason=unstable_if action=reinterpret pc=0x0000000003699dac method=com.google.common.cache.LongAdder.add(J)V @ 46
Event: 8619.748 Thread 0x000000001dc67000 Uncommon trap: reason=unstable_if action=reinterpret pc=0x000000000482f9b4 method=com.google.common.collect.MapMakerInternalMap$Segment.removeFromChain(Lcom/google/common/collect/MapMakerInternalMap$InternalEntry;Lcom/google/common/collect/MapMakerInterna
Event: 8620.023 Thread 0x000000001dc69800 Uncommon trap: reason=null_check action=make_not_entrant pc=0x00000000076b3af4 method=java.lang.ThreadLocal$ThreadLocalMap.expungeStaleEntry(I)I @ 51
Event: 8620.070 Thread 0x000000001e0c9000 Uncommon trap: reason=null_check action=make_not_entrant pc=0x0000000003f29084 method=java.lang.ThreadLocal$ThreadLocalMap.getEntryAfterMiss(Ljava/lang/ThreadLocal;ILjava/lang/ThreadLocal$ThreadLocalMap$Entry;)Ljava/lang/ThreadLocal$ThreadLocalMap$Entry; 
Event: 8955.063 Thread 0x000000001dc68800 Uncommon trap: reason=class_check action=maybe_recompile pc=0x0000000007ce66d0 method=java.util.HashMap.readObject(Ljava/io/ObjectInputStream;)V @ 5
Event: 8955.063 Thread 0x000000001dc68800 Uncommon trap: reason=class_check action=maybe_recompile pc=0x0000000007ce66d0 method=java.util.HashMap.readObject(Ljava/io/ObjectInputStream;)V @ 5
Event: 8955.063 Thread 0x000000001dc68800 Uncommon trap: reason=class_check action=maybe_recompile pc=0x0000000007ce66d0 method=java.util.HashMap.readObject(Ljava/io/ObjectInputStream;)V @ 5

Classes redefined (0 events):
No events

Internal exceptions (10 events):
Event: 8613.055 Thread 0x000000001dc65000 Implicit null exception at 0x000000000349311b to 0x00000000034933f5
Event: 8614.872 Thread 0x000000001e0ca800 Exception <a 'sun/nio/fs/WindowsException'> (0x00000000f0f809b0) thrown at [C:\src\AOSP-openjdk-git\hotspot\src\share\vm\prims\jni.cpp, line 710]
Event: 8614.872 Thread 0x000000001e0ca800 Exception <a 'sun/nio/fs/WindowsException'> (0x00000000f0f80e58) thrown at [C:\src\AOSP-openjdk-git\hotspot\src\share\vm\prims\jni.cpp, line 710]
Event: 8615.481 Thread 0x000000001dc65000 Implicit null exception at 0x000000000572d764 to 0x000000000572db9d
Event: 8617.715 Thread 0x000000001dc65000 Implicit null exception at 0x000000000369951c to 0x0000000003699d8d
Event: 8617.877 Thread 0x000000002b474000 Exception <a 'sun/nio/fs/WindowsException'> (0x00000000e9b822d0) thrown at [C:\src\AOSP-openjdk-git\hotspot\src\share\vm\prims\jni.cpp, line 710]
Event: 8619.714 Thread 0x000000001cc15800 Exception <a 'sun/nio/fs/WindowsException'> (0x00000000e1f66180) thrown at [C:\src\AOSP-openjdk-git\hotspot\src\share\vm\prims\jni.cpp, line 710]
Event: 8620.022 Thread 0x000000001dc69800 Exception <a 'sun/nio/fs/WindowsException'> (0x00000000e34ebae8) thrown at [C:\src\AOSP-openjdk-git\hotspot\src\share\vm\prims\jni.cpp, line 710]
Event: 8620.023 Thread 0x000000001dc69800 Implicit null exception at 0x00000000076b2ee4 to 0x00000000076b3acd
Event: 8620.070 Thread 0x000000001e0c9000 Implicit null exception at 0x0000000003f28bb7 to 0x0000000003f29065

Events (10 events):
Event: 8955.092 Executing VM operation: RevokeBias
Event: 8955.092 Executing VM operation: RevokeBias done
Event: 8955.092 Executing VM operation: RevokeBias
Event: 8955.092 Executing VM operation: RevokeBias done
Event: 8955.092 Executing VM operation: RevokeBias
Event: 8955.092 Executing VM operation: RevokeBias done
Event: 8955.092 Executing VM operation: RevokeBias
Event: 8955.092 Executing VM operation: RevokeBias done
Event: 8955.110 Thread 0x000000001dc6b800 Thread added: 0x000000001dc6b800
Event: 8955.112 Thread 0x000000001dc6f800 Thread added: 0x000000001dc6f800


Dynamic libraries:
0x00007ff641800000 - 0x00007ff641831000 	C:\Program Files\Android\Android Studio\jre\bin\java.exe
0x00007ffffddd0000 - 0x00007ffffdfc6000 	C:\WINDOWS\SYSTEM32\ntdll.dll
0x00007ffffcc50000 - 0x00007ffffcd0d000 	C:\WINDOWS\System32\KERNEL32.DLL
0x00007ffffb560000 - 0x00007ffffb828000 	C:\WINDOWS\System32\KERNELBASE.dll
0x00007ffffc2f0000 - 0x00007ffffc39c000 	C:\WINDOWS\System32\ADVAPI32.dll
0x00007ffffd460000 - 0x00007ffffd4fe000 	C:\WINDOWS\System32\msvcrt.dll
0x00007ffffc3a0000 - 0x00007ffffc43b000 	C:\WINDOWS\System32\sechost.dll
0x00007ffffc040000 - 0x00007ffffc164000 	C:\WINDOWS\System32\RPCRT4.dll
0x00007ffffc600000 - 0x00007ffffc7a0000 	C:\WINDOWS\System32\USER32.dll
0x00007ffffb9e0000 - 0x00007ffffba02000 	C:\WINDOWS\System32\win32u.dll
0x00007ffffbf90000 - 0x00007ffffbfba000 	C:\WINDOWS\System32\GDI32.dll
0x00007ffffb8d0000 - 0x00007ffffb9d9000 	C:\WINDOWS\System32\gdi32full.dll
0x00007ffffb830000 - 0x00007ffffb8cd000 	C:\WINDOWS\System32\msvcp_win.dll
0x00007ffffbd30000 - 0x00007ffffbe30000 	C:\WINDOWS\System32\ucrtbase.dll
0x00007ffff34b0000 - 0x00007ffff374b000 	C:\WINDOWS\WinSxS\amd64_microsoft.windows.common-controls_6595b64144ccf1df_6.0.19041.488_none_ca04af081b815d21\COMCTL32.dll
0x00007ffffc2c0000 - 0x00007ffffc2f0000 	C:\WINDOWS\System32\IMM32.DLL
0x0000000053d90000 - 0x0000000053e62000 	C:\Program Files\Android\Android Studio\jre\jre\bin\msvcr100.dll
0x0000000054100000 - 0x000000005494b000 	C:\Program Files\Android\Android Studio\jre\jre\bin\server\jvm.dll
0x00007ffffc5f0000 - 0x00007ffffc5f8000 	C:\WINDOWS\System32\PSAPI.DLL
0x00007fffe7960000 - 0x00007fffe7969000 	C:\WINDOWS\SYSTEM32\WSOCK32.dll
0x00007ffffc870000 - 0x00007ffffc8db000 	C:\WINDOWS\System32\WS2_32.dll
0x00007fffea720000 - 0x00007fffea747000 	C:\WINDOWS\SYSTEM32\WINMM.dll
0x00007fffedef0000 - 0x00007fffedefa000 	C:\WINDOWS\SYSTEM32\VERSION.dll
0x00007ffff5920000 - 0x00007ffff592f000 	C:\Program Files\Android\Android Studio\jre\jre\bin\verify.dll
0x00007ffff51b0000 - 0x00007ffff51d9000 	C:\Program Files\Android\Android Studio\jre\jre\bin\java.dll
0x00007fffe6490000 - 0x00007fffe64a6000 	C:\Program Files\Android\Android Studio\jre\jre\bin\zip.dll
0x00007ffffcd10000 - 0x00007ffffd451000 	C:\WINDOWS\System32\SHELL32.dll
0x00007ffff9660000 - 0x00007ffff9df5000 	C:\WINDOWS\SYSTEM32\windows.storage.dll
0x00007ffffc8f0000 - 0x00007ffffcc45000 	C:\WINDOWS\System32\combase.dll
0x00007ffffaf80000 - 0x00007ffffafac000 	C:\WINDOWS\SYSTEM32\Wldp.dll
0x00007ffffbe30000 - 0x00007ffffbede000 	C:\WINDOWS\System32\SHCORE.dll
0x00007ffffc170000 - 0x00007ffffc1c5000 	C:\WINDOWS\System32\shlwapi.dll
0x00007ffffb440000 - 0x00007ffffb466000 	C:\WINDOWS\SYSTEM32\profapi.dll
0x00007fffe6470000 - 0x00007fffe648a000 	C:\Program Files\Android\Android Studio\jre\jre\bin\net.dll
0x00007ffffad00000 - 0x00007ffffad6a000 	C:\WINDOWS\system32\mswsock.dll
0x00007fffe6450000 - 0x00007fffe6463000 	C:\Program Files\Android\Android Studio\jre\jre\bin\nio.dll
0x00007ffff5210000 - 0x00007ffff5236000 	C:\Users\tcomp\.gradle\native\30\windows-amd64\native-platform.dll
0x00007fffec100000 - 0x00007fffec10d000 	C:\Program Files\Android\Android Studio\jre\jre\bin\management.dll
0x00007ffffaed0000 - 0x00007ffffaee8000 	C:\WINDOWS\SYSTEM32\CRYPTSP.dll
0x00007ffffa620000 - 0x00007ffffa654000 	C:\WINDOWS\system32\rsaenh.dll
0x00007ffffbc20000 - 0x00007ffffbc47000 	C:\WINDOWS\System32\bcrypt.dll
0x00007ffffb3c0000 - 0x00007ffffb3ee000 	C:\WINDOWS\SYSTEM32\USERENV.dll
0x00007ffffbcb0000 - 0x00007ffffbd2f000 	C:\WINDOWS\System32\bcryptprimitives.dll
0x00007ffffaef0000 - 0x00007ffffaefc000 	C:\WINDOWS\SYSTEM32\CRYPTBASE.dll
0x00007ffffa9a0000 - 0x00007ffffa9db000 	C:\WINDOWS\SYSTEM32\IPHLPAPI.DLL
0x00007ffffc8e0000 - 0x00007ffffc8e8000 	C:\WINDOWS\System32\NSI.dll
0x00007ffff30b0000 - 0x00007ffff30c7000 	C:\WINDOWS\SYSTEM32\dhcpcsvc6.DLL
0x00007ffff25b0000 - 0x00007ffff25cd000 	C:\WINDOWS\SYSTEM32\dhcpcsvc.DLL
0x00007ffffa9f0000 - 0x00007ffffaabb000 	C:\WINDOWS\SYSTEM32\DNSAPI.dll
0x00007ffff7380000 - 0x00007ffff73a4000 	C:\Program Files\Android\Android Studio\jre\jre\bin\sunec.dll
0x00007fffeb650000 - 0x00007fffeb65a000 	C:\Windows\System32\rasadhlp.dll
0x00007fffeb2b0000 - 0x00007fffeb32f000 	C:\WINDOWS\System32\fwpuclnt.dll
0x00007ffff7370000 - 0x00007ffff737b000 	C:\Program Files\Android\Android Studio\jre\jre\bin\sunmscapi.dll
0x00007ffffbac0000 - 0x00007ffffbc1d000 	C:\WINDOWS\System32\CRYPT32.dll
0x00007fffcf2d0000 - 0x00007fffcf46c000 	C:\Program Files\Android\Android Studio\jre\jre\bin\awt.dll
0x00007ffffc7a0000 - 0x00007ffffc86d000 	C:\WINDOWS\System32\OLEAUT32.dll
0x00007ffff9080000 - 0x00007ffff90af000 	C:\WINDOWS\SYSTEM32\dwmapi.dll
0x00007ffff7410000 - 0x00007ffff79d0000 	C:\WINDOWS\SYSTEM32\d2d1.dll
0x00007ffff8dd0000 - 0x00007ffff8e60000 	C:\WINDOWS\SYSTEM32\apphelp.dll
0x00007ffff8f50000 - 0x00007ffff8fee000 	C:\WINDOWS\system32\uxtheme.dll

VM Arguments:
jvm_args: -Xmx1536m -Dfile.encoding=windows-1252 -Duser.country=US -Duser.language=en -Duser.variant 
java_command: org.gradle.launcher.daemon.bootstrap.GradleDaemon 5.6.4
java_class_path (initial): C:\Users\tcomp\.gradle\wrapper\dists\gradle-5.6.4-all\ankdp27end7byghfw1q2sw75f\gradle-5.6.4\lib\gradle-launcher-5.6.4.jar
Launcher Type: SUN_STANDARD

Environment Variables:
PATH=C:\WINDOWS\system32;C:\WINDOWS;C:\WINDOWS\System32\Wbem;C:\WINDOWS\System32\WindowsPowerShell\v1.0\;C:\Program Files\Java\jdk-13.0.2\bin;C:\WINDOWS\System32\OpenSSH\;C:\Program Files\MySQL\MySQL Utilities 1.6\;C:\xampp\php;C:\ProgramData\ComposerSetup\bin;C:\Users\tcomp\AppData\Local\Microsoft\WindowsApps;;C:\Users\tcomp\AppData\Local\Programs\Microsoft VS Code\bin;C:\Users\tcomp\AppData\Roaming\Composer\vendor\bin
USERNAME=tcomp
OS=Windows_NT
PROCESSOR_IDENTIFIER=Intel64 Family 6 Model 61 Stepping 4, GenuineIntel



---------------  S Y S T E M  ---------------

OS: Windows 10.0 , 64 bit Build 19041 (10.0.19041.546)

CPU:total 4 (initial active 4) (2 cores per cpu, 2 threads per core) family 6 model 61 stepping 4, cmov, cx8, fxsr, mmx, sse, sse2, sse3, ssse3, sse4.1, sse4.2, popcnt, avx, avx2, aes, clmul, erms, rtm, 3dnowpref, lzcnt, ht, tsc, tscinvbit, bmi1, bmi2, adx

Memory: 4k page, physical 12460164k(2184464k free), swap 25434860k(1176k free)

vm_info: OpenJDK 64-Bit Server VM (25.242-b01) for windows-amd64 JRE (1.8.0_242-release-1644-b01), built by "builder" with MS VC++ 10.0 (VS2010)

time: Sat Nov 21 23:06:08 2020
timezone: Pakistan Standard Time
elapsed time: 8955 seconds (0d 2h 29m 15s)

